[2020-09-15T19:14:14.042] [DEBUG] cheese - login => username:zhangs,password:123456
[2020-09-15T19:14:14.045] [DEBUG] cheese - zhangs
[2020-09-15T19:14:14.079] [DEBUG] cheese - null
[2020-09-15T19:14:14.080] [DEBUG] cheese - null
[2020-09-15T19:17:23.698] [DEBUG] cheese - login => username:admin,password:123456
[2020-09-15T19:17:23.698] [DEBUG] cheese - admin
[2020-09-15T19:17:23.706] [DEBUG] cheese - null
[2020-09-15T19:17:23.706] [DEBUG] cheese - null
[2020-09-15T19:17:32.109] [DEBUG] cheese - login => username:admin,password:123456
[2020-09-15T19:17:32.109] [DEBUG] cheese - admin
[2020-09-15T19:17:32.119] [DEBUG] cheese - null
[2020-09-15T19:17:32.119] [DEBUG] cheese - null
[2020-09-15T19:18:19.868] [DEBUG] cheese - login => username:admin,password:123456
[2020-09-15T19:18:19.868] [DEBUG] cheese - admin
[2020-09-15T19:18:19.872] [DEBUG] cheese - null
[2020-09-15T19:18:19.872] [DEBUG] cheese - null
[2020-09-15T19:24:39.463] [DEBUG] cheese - login => username:admin,password:123456
[2020-09-15T19:24:39.463] [DEBUG] cheese - admin
[2020-09-15T19:24:39.469] [DEBUG] cheese - null
[2020-09-15T19:24:39.469] [DEBUG] cheese - null
[2020-09-15T19:24:41.831] [DEBUG] cheese - login => username:admin,password:123456
[2020-09-15T19:24:41.831] [DEBUG] cheese - admin
[2020-09-15T19:24:41.836] [DEBUG] cheese - null
[2020-09-15T19:24:41.836] [DEBUG] cheese - null
[2020-09-15T19:24:50.883] [DEBUG] cheese - login => username:admin,password:123456
[2020-09-15T19:24:50.883] [DEBUG] cheese - admin
[2020-09-15T19:24:50.890] [DEBUG] cheese - null
[2020-09-15T19:24:50.890] [DEBUG] cheese - null
[2020-09-15T19:25:37.088] [DEBUG] cheese - login => username:admin,password:123456
[2020-09-15T19:25:37.088] [DEBUG] cheese - admin
[2020-09-15T19:25:37.104] [DEBUG] cheese - null
[2020-09-15T19:25:37.104] [DEBUG] cheese - null
[2020-09-15T19:25:51.036] [DEBUG] cheese - login => username:admin,password:123456
[2020-09-15T19:25:51.036] [DEBUG] cheese - admin
[2020-09-15T19:25:51.040] [DEBUG] cheese - null
[2020-09-15T19:25:51.040] [DEBUG] cheese - null
[2020-09-15T19:26:27.193] [DEBUG] cheese - login => username:admin,password:123456
[2020-09-15T19:26:27.194] [DEBUG] cheese - admin
[2020-09-15T19:26:27.201] [DEBUG] cheese - null
[2020-09-15T19:26:27.201] [DEBUG] cheese - null
[2020-09-15T19:26:31.682] [DEBUG] cheese - login => username:admin,password:12345611
[2020-09-15T19:26:31.682] [DEBUG] cheese - admin
[2020-09-15T19:26:31.688] [DEBUG] cheese - null
[2020-09-15T19:26:31.689] [DEBUG] cheese - null
[2020-09-15T19:33:51.934] [DEBUG] cheese - login => username:admin,password:123456
[2020-09-15T19:33:51.935] [DEBUG] cheese - admin
[2020-09-15T19:33:51.941] [DEBUG] cheese - null
[2020-09-15T19:33:51.941] [DEBUG] cheese - null
[2020-09-15T19:34:33.985] [DEBUG] cheese - login => username:admin,password:123456
[2020-09-15T19:34:33.985] [DEBUG] cheese - admin
[2020-09-15T19:34:33.990] [DEBUG] cheese - null
[2020-09-15T19:34:33.992] [DEBUG] cheese - null
[2020-09-15T19:38:46.460] [DEBUG] cheese - login => username:admin,password:123456
[2020-09-15T19:38:46.461] [DEBUG] cheese - admin
[2020-09-15T19:38:46.483] [DEBUG] cheese - null
[2020-09-15T19:38:46.483] [DEBUG] cheese - null
[2020-09-15T19:49:13.614] [DEBUG] cheese - login => username:admin,password:123456
[2020-09-15T19:49:13.614] [DEBUG] cheese - admin
[2020-09-15T19:49:13.618] [DEBUG] cheese - null
[2020-09-15T19:49:13.619] [DEBUG] cheese - null
[2020-09-15T19:50:45.689] [DEBUG] cheese - login => username:admin,password:123456
[2020-09-15T19:50:45.689] [DEBUG] cheese - admin
[2020-09-15T19:50:45.696] [DEBUG] cheese - null
[2020-09-15T19:50:45.696] [DEBUG] cheese - null
[2020-09-15T19:53:03.433] [DEBUG] cheese - login => username:admin,password:123456
[2020-09-15T19:53:03.433] [DEBUG] cheese - admin
[2020-09-15T19:53:03.439] [DEBUG] cheese - null
[2020-09-15T19:53:03.439] [DEBUG] cheese - null
[2020-09-15T19:54:41.200] [DEBUG] cheese - login => username:admin,password:123456
[2020-09-15T19:54:41.200] [DEBUG] cheese - admin
[2020-09-15T19:54:41.206] [DEBUG] cheese - null
[2020-09-15T19:54:41.206] [DEBUG] cheese - null
[2020-09-15T20:02:28.103] [DEBUG] cheese - login => username:admin,password:123456
[2020-09-15T20:02:28.103] [DEBUG] cheese - admin
[2020-09-15T20:02:28.107] [DEBUG] cheese - null
[2020-09-15T20:02:28.107] [DEBUG] cheese - null
[2020-09-15T21:55:14.468] [DEBUG] cheese - login => username:admin,password:123456
[2020-09-15T21:55:14.468] [DEBUG] cheese - admin
[2020-09-15T21:55:14.473] [DEBUG] cheese - null
[2020-09-15T21:55:14.473] [DEBUG] cheese - null
[2020-09-15T21:55:20.445] [DEBUG] cheese - login => username:admin,password:123456
[2020-09-15T21:55:20.445] [DEBUG] cheese - admin
[2020-09-15T21:55:20.449] [DEBUG] cheese - null
[2020-09-15T21:55:20.450] [DEBUG] cheese - null
